[22-May-2020 18:48:02 UTC] PHP Parse error:  syntax error, unexpected '}', expecting ',' or ';' in C:\Users\sabil\Local Sites\university\app\public\wp-content\themes\University-theme\index.php on line 4
[22-May-2020 18:49:57 UTC] PHP Parse error:  syntax error, unexpected ',', expecting variable (T_VARIABLE) in C:\Users\sabil\Local Sites\university\app\public\wp-content\themes\University-theme\index.php on line 2
[22-May-2020 19:36:16 UTC] PHP Parse error:  syntax error, unexpected '<' in C:\Users\sabil\Local Sites\university\app\public\wp-content\themes\University-theme\index.php on line 7
[22-May-2020 19:36:22 UTC] PHP Parse error:  syntax error, unexpected '<' in C:\Users\sabil\Local Sites\university\app\public\wp-content\themes\University-theme\index.php on line 7
[22-May-2020 19:39:00 UTC] PHP Parse error:  syntax error, unexpected ')' in C:\Users\sabil\Local Sites\university\app\public\wp-content\themes\University-theme\index.php on line 7
[22-May-2020 19:39:55 UTC] PHP Parse error:  syntax error, unexpected 'count' (T_STRING), expecting ',' or ';' in C:\Users\sabil\Local Sites\university\app\public\wp-content\themes\University-theme\index.php on line 9
[22-May-2020 19:40:04 UTC] PHP Parse error:  syntax error, unexpected '$count' (T_VARIABLE), expecting ',' or ';' in C:\Users\sabil\Local Sites\university\app\public\wp-content\themes\University-theme\index.php on line 9
[22-May-2020 19:45:49 UTC] PHP Parse error:  syntax error, unexpected '}' in C:\Users\sabil\Local Sites\university\app\public\wp-content\themes\University-theme\index.php on line 6
[22-May-2020 20:40:00 UTC] PHP Parse error:  syntax error, unexpected '}', expecting end of file in C:\Users\sabil\Local Sites\university\app\public\wp-content\themes\University-theme\index.php on line 8
[22-May-2020 20:40:21 UTC] PHP Parse error:  syntax error, unexpected '}', expecting end of file in C:\Users\sabil\Local Sites\university\app\public\wp-content\themes\University-theme\index.php on line 8
[22-May-2020 20:40:49 UTC] PHP Parse error:  syntax error, unexpected '}', expecting end of file in C:\Users\sabil\Local Sites\university\app\public\wp-content\themes\University-theme\index.php on line 7
[22-May-2020 20:41:00 UTC] PHP Parse error:  syntax error, unexpected '}', expecting end of file in C:\Users\sabil\Local Sites\university\app\public\wp-content\themes\University-theme\index.php on line 7
[22-May-2020 20:41:48 UTC] PHP Parse error:  syntax error, unexpected '}', expecting end of file in C:\Users\sabil\Local Sites\university\app\public\wp-content\themes\University-theme\index.php on line 8
[22-May-2020 20:42:00 UTC] PHP Parse error:  syntax error, unexpected '}', expecting end of file in C:\Users\sabil\Local Sites\university\app\public\wp-content\themes\University-theme\index.php on line 8
[22-May-2020 20:42:56 UTC] PHP Parse error:  syntax error, unexpected '}', expecting end of file in C:\Users\sabil\Local Sites\university\app\public\wp-content\themes\University-theme\index.php on line 8
[22-May-2020 20:45:15 UTC] PHP Fatal error:  Uncaught Error: Call to undefined function hte_content() in C:\Users\sabil\Local Sites\university\app\public\wp-content\themes\University-theme\index.php:6
Stack trace:
#0 C:\Users\sabil\Local Sites\university\app\public\wp-includes\template-loader.php(106): include()
#1 C:\Users\sabil\Local Sites\university\app\public\wp-blog-header.php(19): require_once('C:\\Users\\sabil\\...')
#2 C:\Users\sabil\Local Sites\university\app\public\index.php(17): require('C:\\Users\\sabil\\...')
#3 {main}
  thrown in C:\Users\sabil\Local Sites\university\app\public\wp-content\themes\University-theme\index.php on line 6
[22-May-2020 20:45:28 UTC] PHP Fatal error:  Uncaught Error: Call to undefined function hte_content() in C:\Users\sabil\Local Sites\university\app\public\wp-content\themes\University-theme\index.php:6
Stack trace:
#0 C:\Users\sabil\Local Sites\university\app\public\wp-includes\template-loader.php(106): include()
#1 C:\Users\sabil\Local Sites\university\app\public\wp-blog-header.php(19): require_once('C:\\Users\\sabil\\...')
#2 C:\Users\sabil\Local Sites\university\app\public\index.php(17): require('C:\\Users\\sabil\\...')
#3 {main}
  thrown in C:\Users\sabil\Local Sites\university\app\public\wp-content\themes\University-theme\index.php on line 6
[22-May-2020 20:46:12 UTC] PHP Fatal error:  Uncaught Error: Call to undefined function hte_content() in C:\Users\sabil\Local Sites\university\app\public\wp-content\themes\University-theme\index.php:6
Stack trace:
#0 C:\Users\sabil\Local Sites\university\app\public\wp-includes\template-loader.php(106): include()
#1 C:\Users\sabil\Local Sites\university\app\public\wp-blog-header.php(19): require_once('C:\\Users\\sabil\\...')
#2 C:\Users\sabil\Local Sites\university\app\public\index.php(17): require('C:\\Users\\sabil\\...')
#3 {main}
  thrown in C:\Users\sabil\Local Sites\university\app\public\wp-content\themes\University-theme\index.php on line 6
[22-May-2020 20:46:32 UTC] PHP Fatal error:  Uncaught Error: Call to undefined function hte_content() in C:\Users\sabil\Local Sites\university\app\public\wp-content\themes\University-theme\index.php:7
Stack trace:
#0 C:\Users\sabil\Local Sites\university\app\public\wp-includes\template-loader.php(106): include()
#1 C:\Users\sabil\Local Sites\university\app\public\wp-blog-header.php(19): require_once('C:\\Users\\sabil\\...')
#2 C:\Users\sabil\Local Sites\university\app\public\index.php(17): require('C:\\Users\\sabil\\...')
#3 {main}
  thrown in C:\Users\sabil\Local Sites\university\app\public\wp-content\themes\University-theme\index.php on line 7
[26-May-2020 14:37:16 UTC] PHP Parse error:  syntax error, unexpected 'echo' (T_ECHO) in C:\Users\sabil\Local Sites\university\app\public\wp-content\themes\University-theme\index.php on line 5
[26-May-2020 14:42:02 UTC] PHP Parse error:  syntax error, unexpected 'wp_enqueue_style' (T_STRING) in C:\Users\sabil\Local Sites\university\app\public\wp-content\themes\University-theme\functions.php on line 5
[26-May-2020 14:55:39 UTC] PHP Parse error:  syntax error, unexpected 'page' (T_STRING) in C:\Users\sabil\Local Sites\university\app\public\wp-content\themes\University-theme\page.php on line 8
[26-May-2020 14:55:48 UTC] PHP Parse error:  syntax error, unexpected '?>', expecting ')' in C:\Users\sabil\Local Sites\university\app\public\wp-content\themes\University-theme\page.php on line 7
[26-May-2020 15:33:10 UTC] PHP Parse error:  syntax error, unexpected 'if' (T_IF) in C:\Users\sabil\Local Sites\university\app\public\wp-content\themes\University-theme\page.php on line 21
[26-May-2020 16:33:43 UTC] PHP Parse error:  syntax error, unexpected ';', expecting ')' in C:\Users\sabil\Local Sites\university\app\public\wp-content\themes\University-theme\page.php on line 43
[26-May-2020 16:40:08 UTC] PHP Fatal error:  Uncaught Error: Call to undefined function menu_order() in C:\Users\sabil\Local Sites\university\app\public\wp-content\themes\University-theme\page.php:50
Stack trace:
#0 C:\Users\sabil\Local Sites\university\app\public\wp-includes\template-loader.php(106): include()
#1 C:\Users\sabil\Local Sites\university\app\public\wp-blog-header.php(19): require_once('C:\\Users\\sabil\\...')
#2 C:\Users\sabil\Local Sites\university\app\public\index.php(17): require('C:\\Users\\sabil\\...')
#3 {main}
  thrown in C:\Users\sabil\Local Sites\university\app\public\wp-content\themes\University-theme\page.php on line 50
[26-May-2020 16:40:14 UTC] PHP Warning:  Use of undefined constant menu_order - assumed 'menu_order' (this will throw an Error in a future version of PHP) in C:\Users\sabil\Local Sites\university\app\public\wp-content\themes\University-theme\page.php on line 50
[26-May-2020 16:40:14 UTC] PHP Stack trace:
[26-May-2020 16:40:14 UTC] PHP   1. {main}() C:\Users\sabil\Local Sites\university\app\public\index.php:0
[26-May-2020 16:40:14 UTC] PHP   2. require() C:\Users\sabil\Local Sites\university\app\public\index.php:17
[26-May-2020 16:40:14 UTC] PHP   3. require_once() C:\Users\sabil\Local Sites\university\app\public\wp-blog-header.php:19
[26-May-2020 16:40:14 UTC] PHP   4. include() C:\Users\sabil\Local Sites\university\app\public\wp-includes\template-loader.php:106
[26-May-2020 16:58:21 UTC] PHP Parse error:  syntax error, unexpected 'add_theme_support' (T_STRING) in C:\Users\sabil\Local Sites\university\app\public\wp-content\themes\University-theme\functions.php on line 14
[26-May-2020 16:58:21 UTC] PHP Parse error:  syntax error, unexpected 'add_theme_support' (T_STRING) in C:\Users\sabil\Local Sites\university\app\public\wp-content\themes\University-theme\functions.php on line 14
[26-May-2020 16:58:26 UTC] PHP Parse error:  syntax error, unexpected ',' in C:\Users\sabil\Local Sites\university\app\public\wp-content\themes\University-theme\functions.php on line 13
